<?xml version="1.0" encoding="UTF-8"?>
<!-- Generated by org.testng.reporters.JUnitReportReporter -->
<testsuite skipped="0" hostname="Babu" name="sampledemo.ClassOne" tests="1" failures="0" timestamp="10 Sep 2017 10:05:15 GMT" time="5.021" errors="0">
  <testcase name="classOneMethodOne" time="5.021" classname="sampledemo.ClassOne"/>
</testsuite> <!-- sampledemo.ClassOne -->
