<?xml version="1.0" encoding="UTF-8"?>
<!-- Generated by org.testng.reporters.JUnitReportReporter -->
<testsuite skipped="0" hostname="Babu" name="tests.CreateLead" tests="2" failures="0" timestamp="23 Aug 2017 09:57:33 GMT" time="91.973" errors="0">
  <testcase name="runCreateLead" time="44.050" classname="tests.CreateLead"/>
  <testcase name="runCreateLead" time="47.923" classname="tests.CreateLead"/>
</testsuite> <!-- tests.CreateLead -->
