<?xml version="1.0" encoding="UTF-8"?>
<!-- Generated by org.testng.reporters.JUnitReportReporter -->
<testsuite skipped="0" hostname="Babu" name="tests.CreateLead2" tests="2" failures="0" timestamp="21 Aug 2017 13:14:36 GMT" time="44.901" errors="0">
  <testcase name="runCreateLead" time="23.250" classname="tests.CreateLead2"/>
  <testcase name="runCreateLead" time="21.651" classname="tests.CreateLead2"/>
</testsuite> <!-- tests.CreateLead2 -->
