<?xml version="1.0" encoding="UTF-8"?>
<!-- Generated by org.testng.reporters.JUnitReportReporter -->
<testsuite skipped="0" hostname="Babu" name="tests.MergeLead" tests="2" failures="0" timestamp="23 Aug 2017 09:57:33 GMT" time="88.863" errors="0">
  <testcase name="runCreateLead" time="43.151" classname="tests.MergeLead"/>
  <testcase name="runCreateLead" time="45.712" classname="tests.MergeLead"/>
</testsuite> <!-- tests.MergeLead -->
