<?xml version="1.0" encoding="UTF-8"?>
<!-- Generated by org.testng.reporters.JUnitReportReporter -->
<testsuite skipped="0" hostname="Babu" name="tests.DeleteLead" tests="1" failures="0" timestamp="23 Aug 2017 10:31:17 GMT" time="21.712" errors="0">
  <testcase name="runCreateLead" time="21.712" classname="tests.DeleteLead"/>
</testsuite> <!-- tests.DeleteLead -->
