<?xml version="1.0" encoding="UTF-8"?>
<!-- Generated by org.testng.reporters.JUnitReportReporter -->
<testsuite skipped="0" hostname="Babu" name="testng.PassedTest" tests="1" failures="0" timestamp="10 Sep 2017 12:04:25 GMT" time="0.015" errors="0">
  <testcase name="run" time="0.015" classname="testng.PassedTest"/>
</testsuite> <!-- testng.PassedTest -->
