<?xml version="1.0" encoding="UTF-8"?>
<!-- Generated by org.testng.reporters.JUnitReportReporter -->
<testsuite skipped="0" hostname="Babu" name="testng.FailedTest" tests="1" failures="0" timestamp="10 Sep 2017 12:04:24 GMT" time="0.000" errors="0">
  <testcase name="runFail" time="0.000" classname="testng.FailedTest"/>
</testsuite> <!-- testng.FailedTest -->
